{
"D:\\Programming\\MEAN\\WebStore\\lib\\config\\auth.js":{"path":"D:\\Programming\\MEAN\\WebStore\\lib\\config\\auth.js","s":{"1":1,"2":2,"3":1,"4":1,"5":1,"6":2,"7":1,"8":1},"b":{"1":[1,1],"2":[1,1],"3":[2,2,2]},"f":{"1":2,"2":2},"fnMap":{"1":{"name":"(anonymous_1)","line":3,"loc":{"start":{"line":3,"column":26},"end":{"line":3,"column":50}}},"2":{"name":"(anonymous_2)","line":10,"loc":{"start":{"line":10,"column":18},"end":{"line":10,"column":42}}}},"statementMap":{"1":{"start":{"line":3,"column":0},"end":{"line":8,"column":2}},"2":{"start":{"line":4,"column":1},"end":{"line":6,"column":2}},"3":{"start":{"line":5,"column":2},"end":{"line":5,"column":16}},"4":{"start":{"line":7,"column":1},"end":{"line":7,"column":21}},"5":{"start":{"line":10,"column":0},"end":{"line":15,"column":2}},"6":{"start":{"line":11,"column":1},"end":{"line":13,"column":2}},"7":{"start":{"line":12,"column":2},"end":{"line":12,"column":16}},"8":{"start":{"line":14,"column":1},"end":{"line":14,"column":21}}},"branchMap":{"1":{"line":4,"type":"if","locations":[{"start":{"line":4,"column":1},"end":{"line":4,"column":1}},{"start":{"line":4,"column":1},"end":{"line":4,"column":1}}]},"2":{"line":11,"type":"if","locations":[{"start":{"line":11,"column":1},"end":{"line":11,"column":1}},{"start":{"line":11,"column":1},"end":{"line":11,"column":1}}]},"3":{"line":11,"type":"binary-expr","locations":[{"start":{"line":11,"column":4},"end":{"line":11,"column":25}},{"start":{"line":11,"column":29},"end":{"line":11,"column":37}},{"start":{"line":11,"column":41},"end":{"line":11,"column":66}}]}},"l":{"3":1,"4":2,"5":1,"7":1,"10":1,"11":2,"12":1,"14":1}},
"D:\\Programming\\MEAN\\WebStore\\lib\\models\\product.js":{"path":"D:\\Programming\\MEAN\\WebStore\\lib\\models\\product.js","s":{"1":1,"2":1,"3":4,"4":1,"5":1,"6":1,"7":0,"8":1},"b":{"1":[0,1]},"f":{"1":4,"2":1},"fnMap":{"1":{"name":"(anonymous_1)","line":11,"loc":{"start":{"line":11,"column":12},"end":{"line":11,"column":25}}},"2":{"name":"(anonymous_2)","line":29,"loc":{"start":{"line":29,"column":35},"end":{"line":29,"column":49}}}},"statementMap":{"1":{"start":{"line":1,"column":0},"end":{"line":1,"column":35}},"2":{"start":{"line":3,"column":0},"end":{"line":27,"column":3}},"3":{"start":{"line":12,"column":3},"end":{"line":12,"column":18}},"4":{"start":{"line":29,"column":0},"end":{"line":31,"column":2}},"5":{"start":{"line":30,"column":1},"end":{"line":30,"column":73}},"6":{"start":{"line":33,"column":0},"end":{"line":37,"column":1}},"7":{"start":{"line":34,"column":1},"end":{"line":34,"column":44}},"8":{"start":{"line":36,"column":1},"end":{"line":36,"column":56}}},"branchMap":{"1":{"line":33,"type":"if","locations":[{"start":{"line":33,"column":0},"end":{"line":33,"column":0}},{"start":{"line":33,"column":0},"end":{"line":33,"column":0}}]}},"l":{"1":1,"3":1,"12":4,"29":1,"30":1,"33":1,"34":0,"36":1}},
"D:\\Programming\\MEAN\\WebStore\\lib\\routes\\product.js":{"path":"D:\\Programming\\MEAN\\WebStore\\lib\\routes\\product.js","s":{"1":1,"2":2,"3":2,"4":1,"5":2,"6":2,"7":0,"8":2,"9":1,"10":3,"11":3,"12":1,"13":3,"14":1,"15":3,"16":3,"17":3,"18":3,"19":0,"20":3,"21":1,"22":1,"23":1,"24":1,"25":0,"26":1,"27":0,"28":1,"29":1,"30":1,"31":1,"32":1,"33":0,"34":1,"35":1,"36":1,"37":1,"38":1,"39":1,"40":1,"41":0,"42":1,"43":1,"44":1,"45":1,"46":1,"47":0,"48":1,"49":1,"50":1,"51":1,"52":0,"53":1},"b":{"1":[1,1],"2":[2,2,1],"3":[0,2],"4":[1,2],"5":[3,2],"6":[1,2],"7":[3,0],"8":[3,0,0],"9":[0,3],"10":[0,1],"11":[0,1],"12":[0,1],"13":[1,0],"14":[0,1],"15":[0,1],"16":[0,1]},"f":{"1":2,"2":2,"3":3,"4":3,"5":1,"6":1,"7":1,"8":1,"9":1,"10":1,"11":1,"12":1,"13":1,"14":1},"fnMap":{"1":{"name":"(anonymous_1)","line":1,"loc":{"start":{"line":1,"column":15},"end":{"line":1,"column":39}}},"2":{"name":"(anonymous_2)","line":8,"loc":{"start":{"line":8,"column":31},"end":{"line":8,"column":54}}},"3":{"name":"(anonymous_3)","line":14,"loc":{"start":{"line":14,"column":17},"end":{"line":14,"column":41}}},"4":{"name":"(anonymous_4)","line":26,"loc":{"start":{"line":26,"column":31},"end":{"line":26,"column":54}}},"5":{"name":"(anonymous_5)","line":32,"loc":{"start":{"line":32,"column":15},"end":{"line":32,"column":39}}},"6":{"name":"(anonymous_6)","line":34,"loc":{"start":{"line":34,"column":33},"end":{"line":34,"column":55}}},"7":{"name":"(anonymous_7)","line":43,"loc":{"start":{"line":43,"column":17},"end":{"line":43,"column":41}}},"8":{"name":"(anonymous_8)","line":45,"loc":{"start":{"line":45,"column":36},"end":{"line":45,"column":55}}},"9":{"name":"(anonymous_9)","line":52,"loc":{"start":{"line":52,"column":17},"end":{"line":52,"column":41}}},"10":{"name":"(anonymous_10)","line":57,"loc":{"start":{"line":57,"column":60},"end":{"line":57,"column":82}}},"11":{"name":"(anonymous_11)","line":64,"loc":{"start":{"line":64,"column":14},"end":{"line":64,"column":38}}},"12":{"name":"(anonymous_12)","line":66,"loc":{"start":{"line":66,"column":59},"end":{"line":66,"column":72}}},"13":{"name":"(anonymous_13)","line":72,"loc":{"start":{"line":72,"column":24},"end":{"line":72,"column":48}}},"14":{"name":"(anonymous_14)","line":73,"loc":{"start":{"line":73,"column":34},"end":{"line":73,"column":59}}}},"statementMap":{"1":{"start":{"line":1,"column":0},"end":{"line":12,"column":2}},"2":{"start":{"line":2,"column":1},"end":{"line":2,"column":15}},"3":{"start":{"line":4,"column":1},"end":{"line":6,"column":2}},"4":{"start":{"line":5,"column":2},"end":{"line":5,"column":23}},"5":{"start":{"line":8,"column":1},"end":{"line":11,"column":4}},"6":{"start":{"line":9,"column":2},"end":{"line":9,"column":27}},"7":{"start":{"line":9,"column":10},"end":{"line":9,"column":27}},"8":{"start":{"line":10,"column":2},"end":{"line":10,"column":21}},"9":{"start":{"line":14,"column":0},"end":{"line":30,"column":2}},"10":{"start":{"line":15,"column":1},"end":{"line":15,"column":15}},"11":{"start":{"line":16,"column":1},"end":{"line":18,"column":2}},"12":{"start":{"line":17,"column":2},"end":{"line":17,"column":37}},"13":{"start":{"line":19,"column":1},"end":{"line":22,"column":2}},"14":{"start":{"line":21,"column":2},"end":{"line":21,"column":46}},"15":{"start":{"line":23,"column":1},"end":{"line":24,"column":23}},"16":{"start":{"line":24,"column":2},"end":{"line":24,"column":23}},"17":{"start":{"line":26,"column":1},"end":{"line":29,"column":4}},"18":{"start":{"line":27,"column":2},"end":{"line":27,"column":27}},"19":{"start":{"line":27,"column":10},"end":{"line":27,"column":27}},"20":{"start":{"line":28,"column":2},"end":{"line":28,"column":21}},"21":{"start":{"line":32,"column":0},"end":{"line":41,"column":2}},"22":{"start":{"line":33,"column":1},"end":{"line":33,"column":24}},"23":{"start":{"line":34,"column":1},"end":{"line":40,"column":4}},"24":{"start":{"line":35,"column":2},"end":{"line":35,"column":27}},"25":{"start":{"line":35,"column":10},"end":{"line":35,"column":27}},"26":{"start":{"line":37,"column":2},"end":{"line":37,"column":42}},"27":{"start":{"line":37,"column":15},"end":{"line":37,"column":42}},"28":{"start":{"line":39,"column":2},"end":{"line":39,"column":20}},"29":{"start":{"line":43,"column":0},"end":{"line":50,"column":2}},"30":{"start":{"line":44,"column":1},"end":{"line":44,"column":24}},"31":{"start":{"line":45,"column":1},"end":{"line":49,"column":4}},"32":{"start":{"line":46,"column":2},"end":{"line":46,"column":27}},"33":{"start":{"line":46,"column":10},"end":{"line":46,"column":27}},"34":{"start":{"line":48,"column":2},"end":{"line":48,"column":17}},"35":{"start":{"line":52,"column":0},"end":{"line":62,"column":2}},"36":{"start":{"line":53,"column":1},"end":{"line":53,"column":24}},"37":{"start":{"line":54,"column":1},"end":{"line":56,"column":2}},"38":{"start":{"line":55,"column":2},"end":{"line":55,"column":22}},"39":{"start":{"line":57,"column":1},"end":{"line":61,"column":4}},"40":{"start":{"line":58,"column":2},"end":{"line":58,"column":27}},"41":{"start":{"line":58,"column":10},"end":{"line":58,"column":27}},"42":{"start":{"line":60,"column":2},"end":{"line":60,"column":20}},"43":{"start":{"line":64,"column":0},"end":{"line":70,"column":2}},"44":{"start":{"line":65,"column":1},"end":{"line":65,"column":24}},"45":{"start":{"line":66,"column":1},"end":{"line":69,"column":4}},"46":{"start":{"line":67,"column":2},"end":{"line":67,"column":27}},"47":{"start":{"line":67,"column":10},"end":{"line":67,"column":27}},"48":{"start":{"line":68,"column":2},"end":{"line":68,"column":22}},"49":{"start":{"line":72,"column":0},"end":{"line":78,"column":2}},"50":{"start":{"line":73,"column":1},"end":{"line":77,"column":4}},"51":{"start":{"line":74,"column":2},"end":{"line":74,"column":27}},"52":{"start":{"line":74,"column":10},"end":{"line":74,"column":27}},"53":{"start":{"line":76,"column":2},"end":{"line":76,"column":23}}},"branchMap":{"1":{"line":4,"type":"if","locations":[{"start":{"line":4,"column":1},"end":{"line":4,"column":1}},{"start":{"line":4,"column":1},"end":{"line":4,"column":1}}]},"2":{"line":4,"type":"binary-expr","locations":[{"start":{"line":4,"column":6},"end":{"line":4,"column":14}},{"start":{"line":4,"column":18},"end":{"line":4,"column":43}},{"start":{"line":4,"column":47},"end":{"line":4,"column":66}}]},"3":{"line":9,"type":"if","locations":[{"start":{"line":9,"column":2},"end":{"line":9,"column":2}},{"start":{"line":9,"column":2},"end":{"line":9,"column":2}}]},"4":{"line":16,"type":"if","locations":[{"start":{"line":16,"column":1},"end":{"line":16,"column":1}},{"start":{"line":16,"column":1},"end":{"line":16,"column":1}}]},"5":{"line":16,"type":"binary-expr","locations":[{"start":{"line":16,"column":4},"end":{"line":16,"column":22}},{"start":{"line":16,"column":26},"end":{"line":16,"column":54}}]},"6":{"line":19,"type":"if","locations":[{"start":{"line":19,"column":1},"end":{"line":19,"column":1}},{"start":{"line":19,"column":1},"end":{"line":19,"column":1}}]},"7":{"line":23,"type":"if","locations":[{"start":{"line":23,"column":1},"end":{"line":23,"column":1}},{"start":{"line":23,"column":1},"end":{"line":23,"column":1}}]},"8":{"line":23,"type":"binary-expr","locations":[{"start":{"line":23,"column":6},"end":{"line":23,"column":14}},{"start":{"line":23,"column":18},"end":{"line":23,"column":43}},{"start":{"line":23,"column":47},"end":{"line":23,"column":66}}]},"9":{"line":27,"type":"if","locations":[{"start":{"line":27,"column":2},"end":{"line":27,"column":2}},{"start":{"line":27,"column":2},"end":{"line":27,"column":2}}]},"10":{"line":35,"type":"if","locations":[{"start":{"line":35,"column":2},"end":{"line":35,"column":2}},{"start":{"line":35,"column":2},"end":{"line":35,"column":2}}]},"11":{"line":37,"type":"if","locations":[{"start":{"line":37,"column":2},"end":{"line":37,"column":2}},{"start":{"line":37,"column":2},"end":{"line":37,"column":2}}]},"12":{"line":46,"type":"if","locations":[{"start":{"line":46,"column":2},"end":{"line":46,"column":2}},{"start":{"line":46,"column":2},"end":{"line":46,"column":2}}]},"13":{"line":54,"type":"if","locations":[{"start":{"line":54,"column":1},"end":{"line":54,"column":1}},{"start":{"line":54,"column":1},"end":{"line":54,"column":1}}]},"14":{"line":58,"type":"if","locations":[{"start":{"line":58,"column":2},"end":{"line":58,"column":2}},{"start":{"line":58,"column":2},"end":{"line":58,"column":2}}]},"15":{"line":67,"type":"if","locations":[{"start":{"line":67,"column":2},"end":{"line":67,"column":2}},{"start":{"line":67,"column":2},"end":{"line":67,"column":2}}]},"16":{"line":74,"type":"if","locations":[{"start":{"line":74,"column":2},"end":{"line":74,"column":2}},{"start":{"line":74,"column":2},"end":{"line":74,"column":2}}]}},"l":{"1":1,"2":2,"4":2,"5":1,"8":2,"9":2,"10":2,"14":1,"15":3,"16":3,"17":1,"19":3,"21":1,"23":3,"24":3,"26":3,"27":3,"28":3,"32":1,"33":1,"34":1,"35":1,"37":1,"39":1,"43":1,"44":1,"45":1,"46":1,"48":1,"52":1,"53":1,"54":1,"55":1,"57":1,"58":1,"60":1,"64":1,"65":1,"66":1,"67":1,"68":1,"72":1,"73":1,"74":1,"76":1}},
"D:\\Programming\\MEAN\\WebStore\\lib\\routes\\user.js":{"path":"D:\\Programming\\MEAN\\WebStore\\lib\\routes\\user.js","s":{"1":1,"2":2,"3":2,"4":2,"5":0,"6":2,"7":1,"8":1,"9":1,"10":0,"11":1,"12":1,"13":3,"14":3,"15":3,"16":0,"17":3,"18":1,"19":2,"20":2,"21":0,"22":2,"23":1,"24":1,"25":1,"26":1,"27":0,"28":1,"29":1,"30":1,"31":1,"32":0,"33":0,"34":0,"35":0,"36":1,"37":0,"38":0,"39":0,"40":0,"41":0,"42":1,"43":0,"44":0,"45":0,"46":0,"47":0,"48":1,"49":0,"50":0,"51":1,"52":0,"53":0,"54":0,"55":1,"56":6,"57":5,"58":1,"59":4,"60":1,"61":3,"62":1,"63":2,"64":2,"65":1,"66":1,"67":1},"b":{"1":[0,2],"2":[1,1],"3":[0,1],"4":[0,3],"5":[1,2],"6":[0,2],"7":[1,1],"8":[0,1],"9":[0,0],"10":[0,0],"11":[0,0],"12":[0,0],"13":[1,4],"14":[1,3],"15":[1,2],"16":[1,1]},"f":{"1":2,"2":2,"3":2,"4":1,"5":3,"6":3,"7":3,"8":2,"9":1,"10":0,"11":0,"12":0,"13":0,"14":0,"15":0,"16":0,"17":0,"18":6,"19":5,"20":2},"fnMap":{"1":{"name":"(anonymous_1)","line":2,"loc":{"start":{"line":2,"column":17},"end":{"line":2,"column":35}}},"2":{"name":"(anonymous_2)","line":3,"loc":{"start":{"line":3,"column":8},"end":{"line":3,"column":32}}},"3":{"name":"(anonymous_3)","line":4,"loc":{"start":{"line":4,"column":40},"end":{"line":4,"column":65}}},"4":{"name":"(anonymous_4)","line":9,"loc":{"start":{"line":9,"column":19},"end":{"line":9,"column":32}}},"5":{"name":"(anonymous_5)","line":18,"loc":{"start":{"line":18,"column":16},"end":{"line":18,"column":34}}},"6":{"name":"(anonymous_6)","line":19,"loc":{"start":{"line":19,"column":8},"end":{"line":19,"column":32}}},"7":{"name":"(anonymous_7)","line":20,"loc":{"start":{"line":20,"column":39},"end":{"line":20,"column":64}}},"8":{"name":"(anonymous_8)","line":25,"loc":{"start":{"line":25,"column":19},"end":{"line":25,"column":32}}},"9":{"name":"(anonymous_9)","line":35,"loc":{"start":{"line":35,"column":33},"end":{"line":35,"column":59}}},"10":{"name":"(anonymous_10)","line":52,"loc":{"start":{"line":52,"column":15},"end":{"line":52,"column":39}}},"11":{"name":"(anonymous_11)","line":53,"loc":{"start":{"line":53,"column":22},"end":{"line":53,"column":42}}},"12":{"name":"(anonymous_12)","line":60,"loc":{"start":{"line":60,"column":17},"end":{"line":60,"column":41}}},"13":{"name":"(anonymous_13)","line":62,"loc":{"start":{"line":62,"column":57},"end":{"line":62,"column":76}}},"14":{"name":"(anonymous_14)","line":69,"loc":{"start":{"line":69,"column":14},"end":{"line":69,"column":38}}},"15":{"name":"(anonymous_15)","line":71,"loc":{"start":{"line":71,"column":39},"end":{"line":71,"column":52}}},"16":{"name":"(anonymous_16)","line":78,"loc":{"start":{"line":78,"column":17},"end":{"line":78,"column":35}}},"17":{"name":"(anonymous_17)","line":83,"loc":{"start":{"line":83,"column":20},"end":{"line":83,"column":38}}},"18":{"name":"(anonymous_18)","line":96,"loc":{"start":{"line":96,"column":17},"end":{"line":96,"column":41}}},"19":{"name":"(anonymous_19)","line":98,"loc":{"start":{"line":98,"column":67},"end":{"line":98,"column":86}}},"20":{"name":"(anonymous_20)","line":106,"loc":{"start":{"line":106,"column":31},"end":{"line":106,"column":60}}}},"statementMap":{"1":{"start":{"line":2,"column":0},"end":{"line":16,"column":2}},"2":{"start":{"line":3,"column":1},"end":{"line":15,"column":3}},"3":{"start":{"line":4,"column":2},"end":{"line":14,"column":21}},"4":{"start":{"line":5,"column":3},"end":{"line":5,"column":28}},"5":{"start":{"line":5,"column":11},"end":{"line":5,"column":28}},"6":{"start":{"line":7,"column":3},"end":{"line":7,"column":40}},"7":{"start":{"line":7,"column":13},"end":{"line":7,"column":40}},"8":{"start":{"line":9,"column":3},"end":{"line":13,"column":6}},"9":{"start":{"line":10,"column":4},"end":{"line":10,"column":29}},"10":{"start":{"line":10,"column":12},"end":{"line":10,"column":29}},"11":{"start":{"line":12,"column":4},"end":{"line":12,"column":26}},"12":{"start":{"line":18,"column":0},"end":{"line":50,"column":2}},"13":{"start":{"line":19,"column":1},"end":{"line":49,"column":3}},"14":{"start":{"line":20,"column":2},"end":{"line":48,"column":21}},"15":{"start":{"line":21,"column":3},"end":{"line":21,"column":28}},"16":{"start":{"line":21,"column":11},"end":{"line":21,"column":28}},"17":{"start":{"line":23,"column":3},"end":{"line":23,"column":40}},"18":{"start":{"line":23,"column":13},"end":{"line":23,"column":40}},"19":{"start":{"line":25,"column":3},"end":{"line":47,"column":6}},"20":{"start":{"line":26,"column":4},"end":{"line":26,"column":29}},"21":{"start":{"line":26,"column":12},"end":{"line":26,"column":29}},"22":{"start":{"line":28,"column":4},"end":{"line":46,"column":5}},"23":{"start":{"line":29,"column":5},"end":{"line":29,"column":31}},"24":{"start":{"line":31,"column":5},"end":{"line":33,"column":8}},"25":{"start":{"line":35,"column":5},"end":{"line":45,"column":8}},"26":{"start":{"line":36,"column":6},"end":{"line":36,"column":32}},"27":{"start":{"line":36,"column":15},"end":{"line":36,"column":32}},"28":{"start":{"line":38,"column":6},"end":{"line":38,"column":32}},"29":{"start":{"line":39,"column":6},"end":{"line":39,"column":35}},"30":{"start":{"line":41,"column":6},"end":{"line":44,"column":9}},"31":{"start":{"line":52,"column":0},"end":{"line":58,"column":2}},"32":{"start":{"line":53,"column":1},"end":{"line":57,"column":4}},"33":{"start":{"line":54,"column":2},"end":{"line":54,"column":28}},"34":{"start":{"line":54,"column":11},"end":{"line":54,"column":28}},"35":{"start":{"line":56,"column":2},"end":{"line":56,"column":18}},"36":{"start":{"line":60,"column":0},"end":{"line":67,"column":2}},"37":{"start":{"line":61,"column":1},"end":{"line":61,"column":24}},"38":{"start":{"line":62,"column":1},"end":{"line":66,"column":4}},"39":{"start":{"line":63,"column":2},"end":{"line":63,"column":27}},"40":{"start":{"line":63,"column":10},"end":{"line":63,"column":27}},"41":{"start":{"line":65,"column":2},"end":{"line":65,"column":17}},"42":{"start":{"line":69,"column":0},"end":{"line":76,"column":2}},"43":{"start":{"line":70,"column":1},"end":{"line":70,"column":24}},"44":{"start":{"line":71,"column":1},"end":{"line":75,"column":4}},"45":{"start":{"line":72,"column":2},"end":{"line":72,"column":27}},"46":{"start":{"line":72,"column":10},"end":{"line":72,"column":27}},"47":{"start":{"line":74,"column":2},"end":{"line":74,"column":22}},"48":{"start":{"line":78,"column":0},"end":{"line":81,"column":2}},"49":{"start":{"line":79,"column":1},"end":{"line":79,"column":14}},"50":{"start":{"line":80,"column":1},"end":{"line":80,"column":21}},"51":{"start":{"line":83,"column":0},"end":{"line":94,"column":2}},"52":{"start":{"line":84,"column":1},"end":{"line":93,"column":2}},"53":{"start":{"line":85,"column":2},"end":{"line":88,"column":5}},"54":{"start":{"line":90,"column":2},"end":{"line":92,"column":5}},"55":{"start":{"line":96,"column":0},"end":{"line":119,"column":2}},"56":{"start":{"line":98,"column":1},"end":{"line":118,"column":4}},"57":{"start":{"line":99,"column":2},"end":{"line":99,"column":28}},"58":{"start":{"line":99,"column":11},"end":{"line":99,"column":28}},"59":{"start":{"line":101,"column":2},"end":{"line":101,"column":45}},"60":{"start":{"line":101,"column":13},"end":{"line":101,"column":45}},"61":{"start":{"line":103,"column":2},"end":{"line":117,"column":3}},"62":{"start":{"line":104,"column":3},"end":{"line":104,"column":35}},"63":{"start":{"line":106,"column":3},"end":{"line":116,"column":6}},"64":{"start":{"line":107,"column":4},"end":{"line":107,"column":30}},"65":{"start":{"line":107,"column":13},"end":{"line":107,"column":30}},"66":{"start":{"line":109,"column":4},"end":{"line":109,"column":33}},"67":{"start":{"line":111,"column":4},"end":{"line":115,"column":7}}},"branchMap":{"1":{"line":5,"type":"if","locations":[{"start":{"line":5,"column":3},"end":{"line":5,"column":3}},{"start":{"line":5,"column":3},"end":{"line":5,"column":3}}]},"2":{"line":7,"type":"if","locations":[{"start":{"line":7,"column":3},"end":{"line":7,"column":3}},{"start":{"line":7,"column":3},"end":{"line":7,"column":3}}]},"3":{"line":10,"type":"if","locations":[{"start":{"line":10,"column":4},"end":{"line":10,"column":4}},{"start":{"line":10,"column":4},"end":{"line":10,"column":4}}]},"4":{"line":21,"type":"if","locations":[{"start":{"line":21,"column":3},"end":{"line":21,"column":3}},{"start":{"line":21,"column":3},"end":{"line":21,"column":3}}]},"5":{"line":23,"type":"if","locations":[{"start":{"line":23,"column":3},"end":{"line":23,"column":3}},{"start":{"line":23,"column":3},"end":{"line":23,"column":3}}]},"6":{"line":26,"type":"if","locations":[{"start":{"line":26,"column":4},"end":{"line":26,"column":4}},{"start":{"line":26,"column":4},"end":{"line":26,"column":4}}]},"7":{"line":28,"type":"if","locations":[{"start":{"line":28,"column":4},"end":{"line":28,"column":4}},{"start":{"line":28,"column":4},"end":{"line":28,"column":4}}]},"8":{"line":36,"type":"if","locations":[{"start":{"line":36,"column":6},"end":{"line":36,"column":6}},{"start":{"line":36,"column":6},"end":{"line":36,"column":6}}]},"9":{"line":54,"type":"if","locations":[{"start":{"line":54,"column":2},"end":{"line":54,"column":2}},{"start":{"line":54,"column":2},"end":{"line":54,"column":2}}]},"10":{"line":63,"type":"if","locations":[{"start":{"line":63,"column":2},"end":{"line":63,"column":2}},{"start":{"line":63,"column":2},"end":{"line":63,"column":2}}]},"11":{"line":72,"type":"if","locations":[{"start":{"line":72,"column":2},"end":{"line":72,"column":2}},{"start":{"line":72,"column":2},"end":{"line":72,"column":2}}]},"12":{"line":84,"type":"if","locations":[{"start":{"line":84,"column":1},"end":{"line":84,"column":1}},{"start":{"line":84,"column":1},"end":{"line":84,"column":1}}]},"13":{"line":99,"type":"if","locations":[{"start":{"line":99,"column":2},"end":{"line":99,"column":2}},{"start":{"line":99,"column":2},"end":{"line":99,"column":2}}]},"14":{"line":101,"type":"if","locations":[{"start":{"line":101,"column":2},"end":{"line":101,"column":2}},{"start":{"line":101,"column":2},"end":{"line":101,"column":2}}]},"15":{"line":103,"type":"if","locations":[{"start":{"line":103,"column":2},"end":{"line":103,"column":2}},{"start":{"line":103,"column":2},"end":{"line":103,"column":2}}]},"16":{"line":107,"type":"if","locations":[{"start":{"line":107,"column":4},"end":{"line":107,"column":4}},{"start":{"line":107,"column":4},"end":{"line":107,"column":4}}]}},"l":{"2":1,"3":2,"4":2,"5":2,"7":2,"9":1,"10":1,"12":1,"18":1,"19":3,"20":3,"21":3,"23":3,"25":2,"26":2,"28":2,"29":1,"31":1,"35":1,"36":1,"38":1,"39":1,"41":1,"52":1,"53":0,"54":0,"56":0,"60":1,"61":0,"62":0,"63":0,"65":0,"69":1,"70":0,"71":0,"72":0,"74":0,"78":1,"79":0,"80":0,"83":1,"84":0,"85":0,"90":0,"96":1,"98":6,"99":5,"101":4,"103":3,"104":1,"106":2,"107":2,"109":1,"111":1}},
"D:\\Programming\\MEAN\\WebStore\\lib\\models\\user.js":{"path":"D:\\Programming\\MEAN\\WebStore\\lib\\models\\user.js","s":{"1":1,"2":1,"3":8,"4":1,"5":1,"6":9,"7":8,"8":1,"9":1,"10":1,"11":0,"12":1,"13":1,"14":0,"15":1,"16":1,"17":8,"18":2,"19":8,"20":1,"21":1,"22":1,"23":0,"24":1,"25":1,"26":1,"27":1,"28":0,"29":1,"30":8,"31":3,"32":3,"33":8,"34":7,"35":1},"b":{"1":[0,1],"2":[0,1],"3":[0,1],"4":[0,1],"5":[3,2],"6":[7,1]},"f":{"1":8,"2":1,"3":9,"4":1,"5":1,"6":1,"7":2,"8":1,"9":1,"10":1,"11":3},"fnMap":{"1":{"name":"(anonymous_1)","line":3,"loc":{"start":{"line":3,"column":17},"end":{"line":3,"column":41}}},"2":{"name":"(anonymous_2)","line":16,"loc":{"start":{"line":16,"column":14},"end":{"line":16,"column":29}}},"3":{"name":"(anonymous_3)","line":20,"loc":{"start":{"line":20,"column":9},"end":{"line":20,"column":24}}},"4":{"name":"(anonymous_4)","line":52,"loc":{"start":{"line":52,"column":42},"end":{"line":52,"column":60}}},"5":{"name":"(anonymous_5)","line":54,"loc":{"start":{"line":54,"column":21},"end":{"line":54,"column":40}}},"6":{"name":"(anonymous_6)","line":57,"loc":{"start":{"line":57,"column":31},"end":{"line":57,"column":50}}},"7":{"name":"(anonymous_7)","line":66,"loc":{"start":{"line":66,"column":38},"end":{"line":66,"column":56}}},"8":{"name":"(anonymous_8)","line":70,"loc":{"start":{"line":70,"column":45},"end":{"line":70,"column":59}}},"9":{"name":"(anonymous_9)","line":72,"loc":{"start":{"line":72,"column":26},"end":{"line":72,"column":44}}},"10":{"name":"(anonymous_10)","line":77,"loc":{"start":{"line":77,"column":13},"end":{"line":77,"column":32}}},"11":{"name":"(anonymous_11)","line":84,"loc":{"start":{"line":84,"column":41},"end":{"line":84,"column":56}}}},"statementMap":{"1":{"start":{"line":1,"column":0},"end":{"line":1,"column":35}},"2":{"start":{"line":3,"column":0},"end":{"line":96,"column":2}},"3":{"start":{"line":4,"column":1},"end":{"line":50,"column":4}},"4":{"start":{"line":17,"column":4},"end":{"line":17,"column":169}},"5":{"start":{"line":18,"column":4},"end":{"line":18,"column":26}},"6":{"start":{"line":21,"column":4},"end":{"line":21,"column":31}},"7":{"start":{"line":52,"column":1},"end":{"line":64,"column":3}},"8":{"start":{"line":53,"column":2},"end":{"line":53,"column":18}},"9":{"start":{"line":54,"column":2},"end":{"line":63,"column":5}},"10":{"start":{"line":55,"column":3},"end":{"line":55,"column":28}},"11":{"start":{"line":55,"column":11},"end":{"line":55,"column":28}},"12":{"start":{"line":57,"column":3},"end":{"line":62,"column":6}},"13":{"start":{"line":58,"column":4},"end":{"line":58,"column":29}},"14":{"start":{"line":58,"column":12},"end":{"line":58,"column":29}},"15":{"start":{"line":60,"column":4},"end":{"line":60,"column":25}},"16":{"start":{"line":61,"column":4},"end":{"line":61,"column":20}},"17":{"start":{"line":66,"column":1},"end":{"line":68,"column":3}},"18":{"start":{"line":67,"column":2},"end":{"line":67,"column":42}},"19":{"start":{"line":70,"column":1},"end":{"line":82,"column":3}},"20":{"start":{"line":71,"column":2},"end":{"line":71,"column":18}},"21":{"start":{"line":72,"column":2},"end":{"line":81,"column":5}},"22":{"start":{"line":73,"column":3},"end":{"line":73,"column":28}},"23":{"start":{"line":73,"column":11},"end":{"line":73,"column":28}},"24":{"start":{"line":75,"column":3},"end":{"line":75,"column":35}},"25":{"start":{"line":76,"column":3},"end":{"line":76,"column":78}},"26":{"start":{"line":77,"column":3},"end":{"line":80,"column":6}},"27":{"start":{"line":78,"column":4},"end":{"line":78,"column":29}},"28":{"start":{"line":78,"column":12},"end":{"line":78,"column":29}},"29":{"start":{"line":79,"column":4},"end":{"line":79,"column":28}},"30":{"start":{"line":84,"column":1},"end":{"line":89,"column":3}},"31":{"start":{"line":86,"column":2},"end":{"line":86,"column":69}},"32":{"start":{"line":88,"column":2},"end":{"line":88,"column":59}},"33":{"start":{"line":91,"column":1},"end":{"line":95,"column":2}},"34":{"start":{"line":92,"column":2},"end":{"line":92,"column":32}},"35":{"start":{"line":94,"column":2},"end":{"line":94,"column":44}}},"branchMap":{"1":{"line":55,"type":"if","locations":[{"start":{"line":55,"column":3},"end":{"line":55,"column":3}},{"start":{"line":55,"column":3},"end":{"line":55,"column":3}}]},"2":{"line":58,"type":"if","locations":[{"start":{"line":58,"column":4},"end":{"line":58,"column":4}},{"start":{"line":58,"column":4},"end":{"line":58,"column":4}}]},"3":{"line":73,"type":"if","locations":[{"start":{"line":73,"column":3},"end":{"line":73,"column":3}},{"start":{"line":73,"column":3},"end":{"line":73,"column":3}}]},"4":{"line":78,"type":"if","locations":[{"start":{"line":78,"column":4},"end":{"line":78,"column":4}},{"start":{"line":78,"column":4},"end":{"line":78,"column":4}}]},"5":{"line":88,"type":"binary-expr","locations":[{"start":{"line":88,"column":9},"end":{"line":88,"column":27}},{"start":{"line":88,"column":32},"end":{"line":88,"column":57}}]},"6":{"line":91,"type":"if","locations":[{"start":{"line":91,"column":1},"end":{"line":91,"column":1}},{"start":{"line":91,"column":1},"end":{"line":91,"column":1}}]}},"l":{"1":1,"3":1,"4":8,"17":1,"18":1,"21":9,"52":8,"53":1,"54":1,"55":1,"57":1,"58":1,"60":1,"61":1,"66":8,"67":2,"70":8,"71":1,"72":1,"73":1,"75":1,"76":1,"77":1,"78":1,"79":1,"84":8,"86":3,"88":3,"91":8,"92":7,"94":1}}}
