TN:
SF:D:\Programming\MEAN\WebStore\lib\config\auth.js
FN:3,(anonymous_1)
FN:10,(anonymous_2)
FNF:2
FNH:2
FNDA:2,(anonymous_1)
FNDA:2,(anonymous_2)
DA:3,1
DA:4,2
DA:5,1
DA:7,1
DA:10,1
DA:11,2
DA:12,1
DA:14,1
LF:8
LH:8
BRDA:4,1,0,1
BRDA:4,1,1,1
BRDA:11,2,0,1
BRDA:11,2,1,1
BRDA:11,3,0,2
BRDA:11,3,1,2
BRDA:11,3,2,2
BRF:7
BRH:7
end_of_record
TN:
SF:D:\Programming\MEAN\WebStore\lib\models\product.js
FN:11,(anonymous_1)
FN:29,(anonymous_2)
FNF:2
FNH:1
FNDA:0,(anonymous_1)
FNDA:1,(anonymous_2)
DA:1,1
DA:3,1
DA:12,0
DA:29,1
DA:30,1
DA:33,1
DA:34,0
DA:36,1
LF:8
LH:6
BRDA:33,1,0,0
BRDA:33,1,1,1
BRF:2
BRH:1
end_of_record
TN:
SF:D:\Programming\MEAN\WebStore\lib\routes\product.js
FN:1,(anonymous_1)
FN:8,(anonymous_2)
FN:14,(anonymous_3)
FN:26,(anonymous_4)
FN:32,(anonymous_5)
FN:34,(anonymous_6)
FN:43,(anonymous_7)
FN:45,(anonymous_8)
FN:52,(anonymous_9)
FN:57,(anonymous_10)
FN:64,(anonymous_11)
FN:66,(anonymous_12)
FN:72,(anonymous_13)
FN:73,(anonymous_14)
FNF:14
FNH:14
FNDA:2,(anonymous_1)
FNDA:2,(anonymous_2)
FNDA:3,(anonymous_3)
FNDA:3,(anonymous_4)
FNDA:1,(anonymous_5)
FNDA:1,(anonymous_6)
FNDA:1,(anonymous_7)
FNDA:1,(anonymous_8)
FNDA:1,(anonymous_9)
FNDA:1,(anonymous_10)
FNDA:1,(anonymous_11)
FNDA:1,(anonymous_12)
FNDA:1,(anonymous_13)
FNDA:1,(anonymous_14)
DA:1,1
DA:2,2
DA:4,2
DA:5,1
DA:8,2
DA:9,2
DA:10,2
DA:14,1
DA:15,3
DA:16,3
DA:17,1
DA:19,3
DA:21,1
DA:23,3
DA:24,3
DA:26,3
DA:27,3
DA:28,3
DA:32,1
DA:33,1
DA:34,1
DA:35,1
DA:37,1
DA:39,1
DA:43,1
DA:44,1
DA:45,1
DA:46,1
DA:48,1
DA:52,1
DA:53,1
DA:54,1
DA:55,1
DA:57,1
DA:58,1
DA:60,1
DA:64,1
DA:65,1
DA:66,1
DA:67,1
DA:68,1
DA:72,1
DA:73,1
DA:74,1
DA:76,1
LF:45
LH:45
BRDA:4,1,0,1
BRDA:4,1,1,1
BRDA:4,2,0,2
BRDA:4,2,1,2
BRDA:4,2,2,1
BRDA:9,3,0,0
BRDA:9,3,1,2
BRDA:16,4,0,1
BRDA:16,4,1,2
BRDA:16,5,0,3
BRDA:16,5,1,2
BRDA:19,6,0,1
BRDA:19,6,1,2
BRDA:23,7,0,3
BRDA:23,7,1,0
BRDA:23,8,0,3
BRDA:23,8,1,0
BRDA:23,8,2,0
BRDA:27,9,0,0
BRDA:27,9,1,3
BRDA:35,10,0,0
BRDA:35,10,1,1
BRDA:37,11,0,0
BRDA:37,11,1,1
BRDA:46,12,0,0
BRDA:46,12,1,1
BRDA:54,13,0,1
BRDA:54,13,1,0
BRDA:58,14,0,0
BRDA:58,14,1,1
BRDA:67,15,0,0
BRDA:67,15,1,1
BRDA:74,16,0,0
BRDA:74,16,1,1
BRF:34
BRH:22
end_of_record
TN:
SF:D:\Programming\MEAN\WebStore\lib\routes\user.js
FN:2,(anonymous_1)
FN:3,(anonymous_2)
FN:4,(anonymous_3)
FN:9,(anonymous_4)
FN:18,(anonymous_5)
FN:19,(anonymous_6)
FN:20,(anonymous_7)
FN:25,(anonymous_8)
FN:35,(anonymous_9)
FN:52,(anonymous_10)
FN:53,(anonymous_11)
FN:60,(anonymous_12)
FN:62,(anonymous_13)
FN:69,(anonymous_14)
FN:71,(anonymous_15)
FN:78,(anonymous_16)
FN:83,(anonymous_17)
FN:96,(anonymous_18)
FN:98,(anonymous_19)
FN:106,(anonymous_20)
FNF:20
FNH:9
FNDA:2,(anonymous_1)
FNDA:2,(anonymous_2)
FNDA:2,(anonymous_3)
FNDA:1,(anonymous_4)
FNDA:3,(anonymous_5)
FNDA:3,(anonymous_6)
FNDA:3,(anonymous_7)
FNDA:2,(anonymous_8)
FNDA:1,(anonymous_9)
FNDA:0,(anonymous_10)
FNDA:0,(anonymous_11)
FNDA:0,(anonymous_12)
FNDA:0,(anonymous_13)
FNDA:0,(anonymous_14)
FNDA:0,(anonymous_15)
FNDA:0,(anonymous_16)
FNDA:0,(anonymous_17)
FNDA:0,(anonymous_18)
FNDA:0,(anonymous_19)
FNDA:0,(anonymous_20)
DA:2,1
DA:3,2
DA:4,2
DA:5,2
DA:7,2
DA:9,1
DA:10,1
DA:12,1
DA:18,1
DA:19,3
DA:20,3
DA:21,3
DA:23,3
DA:25,2
DA:26,2
DA:28,2
DA:29,1
DA:31,1
DA:35,1
DA:36,1
DA:38,1
DA:39,1
DA:41,1
DA:52,1
DA:53,0
DA:54,0
DA:56,0
DA:60,1
DA:61,0
DA:62,0
DA:63,0
DA:65,0
DA:69,1
DA:70,0
DA:71,0
DA:72,0
DA:74,0
DA:78,1
DA:79,0
DA:80,0
DA:83,1
DA:84,0
DA:85,0
DA:90,0
DA:96,1
DA:98,0
DA:99,0
DA:101,0
DA:103,0
DA:104,0
DA:106,0
DA:107,0
DA:109,0
DA:111,0
LF:54
LH:29
BRDA:5,1,0,0
BRDA:5,1,1,2
BRDA:7,2,0,1
BRDA:7,2,1,1
BRDA:10,3,0,0
BRDA:10,3,1,1
BRDA:21,4,0,0
BRDA:21,4,1,3
BRDA:23,5,0,1
BRDA:23,5,1,2
BRDA:26,6,0,0
BRDA:26,6,1,2
BRDA:28,7,0,1
BRDA:28,7,1,1
BRDA:36,8,0,0
BRDA:36,8,1,1
BRDA:54,9,0,0
BRDA:54,9,1,0
BRDA:63,10,0,0
BRDA:63,10,1,0
BRDA:72,11,0,0
BRDA:72,11,1,0
BRDA:84,12,0,0
BRDA:84,12,1,0
BRDA:99,13,0,0
BRDA:99,13,1,0
BRDA:101,14,0,0
BRDA:101,14,1,0
BRDA:103,15,0,0
BRDA:103,15,1,0
BRDA:107,16,0,0
BRDA:107,16,1,0
BRF:32
BRH:11
end_of_record
TN:
SF:D:\Programming\MEAN\WebStore\lib\models\user.js
FN:3,(anonymous_1)
FN:16,(anonymous_2)
FN:20,(anonymous_3)
FN:52,(anonymous_4)
FN:54,(anonymous_5)
FN:57,(anonymous_6)
FN:66,(anonymous_7)
FN:70,(anonymous_8)
FN:72,(anonymous_9)
FN:77,(anonymous_10)
FN:84,(anonymous_11)
FNF:11
FNH:10
FNDA:7,(anonymous_1)
FNDA:0,(anonymous_2)
FNDA:7,(anonymous_3)
FNDA:1,(anonymous_4)
FNDA:1,(anonymous_5)
FNDA:1,(anonymous_6)
FNDA:2,(anonymous_7)
FNDA:1,(anonymous_8)
FNDA:1,(anonymous_9)
FNDA:1,(anonymous_10)
FNDA:3,(anonymous_11)
DA:1,1
DA:3,1
DA:4,7
DA:17,0
DA:18,0
DA:21,7
DA:52,7
DA:53,1
DA:54,1
DA:55,1
DA:57,1
DA:58,1
DA:60,1
DA:61,1
DA:66,7
DA:67,2
DA:70,7
DA:71,1
DA:72,1
DA:73,1
DA:75,1
DA:76,1
DA:77,1
DA:78,1
DA:79,1
DA:84,7
DA:86,3
DA:88,3
DA:91,7
DA:92,6
DA:94,1
LF:31
LH:29
BRDA:55,1,0,0
BRDA:55,1,1,1
BRDA:58,2,0,0
BRDA:58,2,1,1
BRDA:73,3,0,0
BRDA:73,3,1,1
BRDA:78,4,0,0
BRDA:78,4,1,1
BRDA:88,5,0,3
BRDA:88,5,1,2
BRDA:91,6,0,6
BRDA:91,6,1,1
BRF:12
BRH:8
end_of_record
